<?xml version="1.0" encoding="UTF-8"?>
<!-- Generated by org.testng.reporters.JUnitXMLReporter -->
<testsuite hostname="MWMGT189" ignored="0" name=" Gigflex Test Cases" tests="5" failures="3" timestamp="30 Nov 2018 07:32:31 GMT" time="96.187" errors="0">
  <testcase name="validateGigFlexLogo" time="0.072" classname="com.gigflex.qa.testcases.LoginPageTest"/>
  <testcase name="validateGigFlexLoginPage" time="7.344" classname="com.gigflex.qa.testcases.LoginPageTest"/>
  <testcase name="validateGigFlexLoginPage" time="7.386" classname="com.gigflex.qa.testcases.LoginPageTest">
    <failure type="java.lang.AssertionError" message="User is not able to login- Invalid Credentails expected [true] but found [false]">
      <![CDATA[java.lang.AssertionError: User is not able to login- Invalid Credentails expected [true] but found [false]
	at com.gigflex.qa.testcases.LoginPageTest.validateGigFlexLoginPage(LoginPageTest.java:64)
... Removed 28 stack frames]]>
    </failure>
  </testcase> <!-- validateGigFlexLoginPage -->
  <testcase name="validateGigFlexLoginPage" time="7.419" classname="com.gigflex.qa.testcases.LoginPageTest">
    <failure type="java.lang.AssertionError" message="User is not able to login- Invalid Credentails expected [true] but found [false]">
      <![CDATA[java.lang.AssertionError: User is not able to login- Invalid Credentails expected [true] but found [false]
	at com.gigflex.qa.testcases.LoginPageTest.validateGigFlexLoginPage(LoginPageTest.java:64)
... Removed 28 stack frames]]>
    </failure>
  </testcase> <!-- validateGigFlexLoginPage -->
  <testcase name="validateGigFlexLoginPage" time="7.491" classname="com.gigflex.qa.testcases.LoginPageTest">
    <failure type="java.lang.AssertionError" message="User is not able to login- Invalid Credentails expected [true] but found [false]">
      <![CDATA[java.lang.AssertionError: User is not able to login- Invalid Credentails expected [true] but found [false]
	at com.gigflex.qa.testcases.LoginPageTest.validateGigFlexLoginPage(LoginPageTest.java:64)
... Removed 28 stack frames]]>
    </failure>
  </testcase> <!-- validateGigFlexLoginPage -->
</testsuite> <!--  Gigflex Test Cases -->
