<?xml version="1.0" encoding="UTF-8"?>
<testng-results skipped="0" failed="0" ignored="0" total="2" passed="2">
  <reporter-output>
  </reporter-output>
  <suite name="Default suite" duration-ms="17584" started-at="2018-12-03T09:18:20Z" finished-at="2018-12-03T09:18:37Z">
    <groups>
    </groups>
    <test name="Default test" duration-ms="17584" started-at="2018-12-03T09:18:20Z" finished-at="2018-12-03T09:18:37Z">
      <class name="com.gigflex.qa.testcases.LoginPageTest">
        <test-method status="PASS" signature="setUp()[pri:0, instance:com.gigflex.qa.testcases.LoginPageTest@6f7fd0e6]" name="setUp" is-config="true" duration-ms="7759" started-at="2018-12-03T14:48:20Z" finished-at="2018-12-03T14:48:27Z">
          <reporter-output>
          </reporter-output>
        </test-method> <!-- setUp -->
        <test-method status="PASS" signature="validateGigFlexLogo()[pri:1, instance:com.gigflex.qa.testcases.LoginPageTest@6f7fd0e6]" name="validateGigFlexLogo" duration-ms="61" started-at="2018-12-03T14:48:27Z" finished-at="2018-12-03T14:48:27Z">
          <reporter-output>
          </reporter-output>
        </test-method> <!-- validateGigFlexLogo -->
        <test-method status="PASS" signature="tearDown()[pri:0, instance:com.gigflex.qa.testcases.LoginPageTest@6f7fd0e6]" name="tearDown" is-config="true" duration-ms="0" started-at="2018-12-03T14:48:27Z" finished-at="2018-12-03T14:48:27Z">
          <reporter-output>
          </reporter-output>
        </test-method> <!-- tearDown -->
        <test-method status="PASS" signature="setUp()[pri:0, instance:com.gigflex.qa.testcases.LoginPageTest@6f7fd0e6]" name="setUp" is-config="true" duration-ms="9722" started-at="2018-12-03T14:48:27Z" finished-at="2018-12-03T14:48:37Z">
          <reporter-output>
          </reporter-output>
        </test-method> <!-- setUp -->
        <test-method status="PASS" signature="validateGigFlexPageTitle()[pri:2, instance:com.gigflex.qa.testcases.LoginPageTest@6f7fd0e6]" name="validateGigFlexPageTitle" duration-ms="18" started-at="2018-12-03T14:48:37Z" finished-at="2018-12-03T14:48:37Z">
          <reporter-output>
          </reporter-output>
        </test-method> <!-- validateGigFlexPageTitle -->
        <test-method status="PASS" signature="tearDown()[pri:0, instance:com.gigflex.qa.testcases.LoginPageTest@6f7fd0e6]" name="tearDown" is-config="true" duration-ms="0" started-at="2018-12-03T14:48:37Z" finished-at="2018-12-03T14:48:37Z">
          <reporter-output>
          </reporter-output>
        </test-method> <!-- tearDown -->
      </class> <!-- com.gigflex.qa.testcases.LoginPageTest -->
    </test> <!-- Default test -->
  </suite> <!-- Default suite -->
</testng-results>
